TN:
SF:src/context/auth.ts
FN:19,getUserFromToken
FN:47,signToken
FNF:2
FNH:0
FNDA:0,getUserFromToken
FNDA:0,signToken
DA:1,0
DA:2,0
DA:19,0
DA:20,0
DA:22,0
DA:24,0
DA:27,0
DA:30,0
DA:40,0
DA:42,0
DA:43,0
DA:47,0
DA:48,0
LF:13
LH:0
BRDA:20,0,0,0
BRDA:24,1,0,0
BRDA:24,1,1,0
BRF:3
BRH:0
end_of_record
TN:
SF:src/context/index.ts
FN:21,createContext
FNF:1
FNH:0
FNDA:0,createContext
DA:3,0
DA:4,0
DA:5,0
DA:21,0
DA:22,0
DA:23,0
DA:25,0
LF:7
LH:0
BRF:0
BRH:0
end_of_record
TN:
SF:src/lib/prisma.ts
FNF:0
FNH:0
DA:1,0
DA:8,0
DA:14,0
DA:15,0
LF:4
LH:0
BRDA:9,0,0,0
BRDA:9,0,1,0
BRDA:11,1,0,0
BRDA:11,1,1,0
BRDA:14,2,0,0
BRF:5
BRH:0
end_of_record
TN:
SF:src/lib/redis.ts
FN:7,(anonymous_1)
FN:16,(anonymous_2)
FN:20,(anonymous_3)
FN:25,getCache
FN:35,setCache
FN:43,invalidateCache
FNF:6
FNH:0
FNDA:0,(anonymous_1)
FNDA:0,(anonymous_2)
FNDA:0,(anonymous_3)
FNDA:0,getCache
FNDA:0,setCache
FNDA:0,invalidateCache
DA:1,0
DA:3,0
DA:5,0
DA:8,0
DA:9,0
DA:10,0
DA:12,0
DA:16,0
DA:17,0
DA:20,0
DA:21,0
DA:25,0
DA:26,0
DA:27,0
DA:28,0
DA:30,0
DA:31,0
DA:35,0
DA:36,0
DA:37,0
DA:39,0
DA:43,0
DA:44,0
DA:45,0
DA:46,0
DA:47,0
DA:50,0
LF:27
LH:0
BRDA:3,0,0,0
BRDA:3,0,1,0
BRDA:8,1,0,0
BRDA:28,2,0,0
BRDA:28,2,1,0
BRDA:46,3,0,0
BRF:6
BRH:0
end_of_record
TN:
SF:src/lib/utils.ts
FN:4,parseDecimal
FN:11,getMonthRange
FN:19,getWeekRange
FN:32,getYearRange
FN:40,getPreviousPeriodRange
FN:84,getCategoryColor
FNF:6
FNH:0
FNDA:0,parseDecimal
FNDA:0,getMonthRange
FNDA:0,getWeekRange
FNDA:0,getYearRange
FNDA:0,getPreviousPeriodRange
FNDA:0,getCategoryColor
DA:4,0
DA:5,0
DA:6,0
DA:7,0
DA:11,0
DA:12,0
DA:13,0
DA:14,0
DA:15,0
DA:19,0
DA:20,0
DA:21,0
DA:22,0
DA:23,0
DA:24,0
DA:25,0
DA:26,0
DA:27,0
DA:28,0
DA:32,0
DA:33,0
DA:34,0
DA:35,0
DA:36,0
DA:40,0
DA:41,0
DA:43,0
DA:45,0
DA:46,0
DA:47,0
DA:48,0
DA:49,0
DA:50,0
DA:51,0
DA:52,0
DA:55,0
DA:56,0
DA:57,0
DA:60,0
DA:61,0
DA:62,0
DA:68,0
DA:84,0
DA:85,0
LF:44
LH:0
BRDA:5,0,0,0
BRDA:6,1,0,0
BRDA:43,2,0,0
BRDA:43,2,1,0
BRDA:43,2,2,0
BRDA:85,3,0,0
BRDA:85,3,1,0
BRF:7
BRH:0
end_of_record
TN:
SF:src/middleware/authMiddleware.ts
FN:4,requireAuth
FN:17,(anonymous_1)
FN:25,(anonymous_2)
FN:33,(anonymous_3)
FNF:4
FNH:0
FNDA:0,requireAuth
FNDA:0,(anonymous_1)
FNDA:0,(anonymous_2)
FNDA:0,(anonymous_3)
DA:1,0
DA:4,0
DA:5,0
DA:6,0
DA:13,0
DA:16,0
DA:18,0
DA:24,0
DA:26,0
DA:32,0
DA:34,0
LF:11
LH:0
BRDA:5,0,0,0
BRDA:25,1,0,0
BRF:2
BRH:0
end_of_record
TN:
SF:src/schema/index.ts
FN:1,(anonymous_0)
FN:2,(anonymous_1)
FNF:2
FNH:0
FNDA:0,(anonymous_0)
FNDA:0,(anonymous_1)
DA:1,0
DA:2,0
LF:2
LH:0
BRF:0
BRH:0
end_of_record
TN:
SF:src/schema/resolvers/account.ts
FN:21,(anonymous_0)
FN:30,(anonymous_1)
FN:44,(anonymous_2)
FN:52,(anonymous_3)
FN:61,(anonymous_4)
FN:80,(anonymous_5)
FN:105,(anonymous_6)
FN:124,(anonymous_7)
FN:128,(anonymous_8)
FN:151,(anonymous_9)
FNF:10
FNH:0
FNDA:0,(anonymous_0)
FNDA:0,(anonymous_1)
FNDA:0,(anonymous_2)
FNDA:0,(anonymous_3)
FNDA:0,(anonymous_4)
FNDA:0,(anonymous_5)
FNDA:0,(anonymous_6)
FNDA:0,(anonymous_7)
FNDA:0,(anonymous_8)
FNDA:0,(anonymous_9)
DA:2,0
DA:3,0
DA:4,0
DA:19,0
DA:22,0
DA:24,0
DA:31,0
DA:33,0
DA:37,0
DA:38,0
DA:41,0
DA:45,0
DA:47,0
DA:52,0
DA:53,0
DA:55,0
DA:66,0
DA:68,0
DA:75,0
DA:77,0
DA:85,0
DA:87,0
DA:91,0
DA:92,0
DA:95,0
DA:100,0
DA:102,0
DA:106,0
DA:108,0
DA:112,0
DA:113,0
DA:116,0
DA:117,0
DA:119,0
DA:125,0
DA:133,0
DA:134,0
DA:135,0
DA:137,0
DA:148,0
DA:150,0
DA:151,0
LF:42
LH:0
BRDA:37,0,0,0
BRDA:55,1,0,0
BRDA:55,1,1,0
BRDA:91,2,0,0
BRDA:112,3,0,0
BRDA:133,4,0,0
BRDA:133,4,1,0
BRDA:134,5,0,0
BRDA:134,5,1,0
BRF:9
BRH:0
end_of_record
TN:
SF:src/schema/resolvers/advice.ts
FN:18,(anonymous_0)
FN:38,(anonymous_1)
FN:44,(anonymous_2)
FN:45,(anonymous_3)
FN:48,(anonymous_4)
FN:49,(anonymous_5)
FN:52,(anonymous_6)
FN:53,(anonymous_7)
FN:56,(anonymous_8)
FN:57,(anonymous_9)
FN:65,(anonymous_10)
FN:66,(anonymous_11)
FN:79,(anonymous_12)
FN:80,(anonymous_13)
FN:85,(anonymous_14)
FN:86,(anonymous_15)
FN:191,(anonymous_16)
FN:207,(anonymous_17)
FN:215,(anonymous_18)
FN:225,(anonymous_19)
FN:226,(anonymous_20)
FN:230,(anonymous_21)
FN:231,(anonymous_22)
FN:245,(anonymous_23)
FN:246,(anonymous_24)
FN:249,(anonymous_25)
FN:250,(anonymous_26)
FN:253,(anonymous_27)
FNF:28
FNH:0
FNDA:0,(anonymous_0)
FNDA:0,(anonymous_1)
FNDA:0,(anonymous_2)
FNDA:0,(anonymous_3)
FNDA:0,(anonymous_4)
FNDA:0,(anonymous_5)
FNDA:0,(anonymous_6)
FNDA:0,(anonymous_7)
FNDA:0,(anonymous_8)
FNDA:0,(anonymous_9)
FNDA:0,(anonymous_10)
FNDA:0,(anonymous_11)
FNDA:0,(anonymous_12)
FNDA:0,(anonymous_13)
FNDA:0,(anonymous_14)
FNDA:0,(anonymous_15)
FNDA:0,(anonymous_16)
FNDA:0,(anonymous_17)
FNDA:0,(anonymous_18)
FNDA:0,(anonymous_19)
FNDA:0,(anonymous_20)
FNDA:0,(anonymous_21)
FNDA:0,(anonymous_22)
FNDA:0,(anonymous_23)
FNDA:0,(anonymous_24)
FNDA:0,(anonymous_25)
FNDA:0,(anonymous_26)
FNDA:0,(anonymous_27)
DA:2,0
DA:3,0
DA:4,0
DA:16,0
DA:19,0
DA:22,0
DA:23,0
DA:24,0
DA:26,0
DA:28,0
DA:35,0
DA:38,0
DA:39,0
DA:40,0
DA:43,0
DA:44,0
DA:45,0
DA:47,0
DA:48,0
DA:49,0
DA:51,0
DA:52,0
DA:53,0
DA:55,0
DA:56,0
DA:57,0
DA:60,0
DA:63,0
DA:64,0
DA:65,0
DA:67,0
DA:72,0
DA:78,0
DA:79,0
DA:80,0
DA:83,0
DA:84,0
DA:85,0
DA:86,0
DA:89,0
DA:91,0
DA:96,0
DA:97,0
DA:106,0
DA:107,0
DA:117,0
DA:129,0
DA:130,0
DA:131,0
DA:140,0
DA:141,0
DA:153,0
DA:154,0
DA:166,0
DA:167,0
DA:178,0
DA:179,0
DA:191,0
DA:192,0
DA:193,0
DA:206,0
DA:207,0
DA:210,0
DA:212,0
DA:216,0
DA:218,0
DA:220,0
DA:224,0
DA:225,0
DA:226,0
DA:228,0
DA:229,0
DA:230,0
DA:232,0
DA:236,0
DA:242,0
DA:244,0
DA:245,0
DA:246,0
DA:248,0
DA:249,0
DA:250,0
DA:252,0
DA:253,0
DA:256,0
DA:258,0
LF:86
LH:0
BRDA:24,0,0,0
BRDA:40,1,0,0
BRDA:40,1,1,0
BRDA:60,2,0,0
BRDA:60,2,1,0
BRDA:68,3,0,0
BRDA:68,3,1,0
BRDA:89,4,0,0
BRDA:89,4,1,0
BRDA:91,5,0,0
BRDA:91,5,1,0
BRDA:96,6,0,0
BRDA:96,6,1,0
BRDA:106,7,0,0
BRDA:106,7,1,0
BRDA:129,8,0,0
BRDA:129,8,1,0
BRDA:130,9,0,0
BRDA:130,9,1,0
BRDA:140,10,0,0
BRDA:153,11,0,0
BRDA:166,12,0,0
BRDA:178,13,0,0
BRDA:192,14,0,0
BRDA:192,15,0,0
BRDA:192,15,1,0
BRDA:192,15,2,0
BRDA:233,16,0,0
BRDA:233,16,1,0
BRDA:262,17,0,0
BRDA:262,17,1,0
BRDA:268,18,0,0
BRDA:268,18,1,0
BRDA:274,19,0,0
BRDA:274,19,1,0
BRF:35
BRH:0
end_of_record
TN:
SF:src/schema/resolvers/analytics.ts
FN:15,getDateRange
FN:28,(anonymous_1)
FN:46,(anonymous_2)
FN:52,(anonymous_3)
FN:53,(anonymous_4)
FN:56,(anonymous_5)
FN:57,(anonymous_6)
FN:67,(anonymous_7)
FN:68,(anonymous_8)
FN:74,(anonymous_9)
FN:79,(anonymous_10)
FN:81,(anonymous_11)
FN:108,(anonymous_12)
FN:139,(anonymous_13)
FN:140,(anonymous_14)
FN:143,(anonymous_15)
FN:144,(anonymous_16)
FN:147,(anonymous_17)
FN:148,(anonymous_18)
FN:151,(anonymous_19)
FN:152,(anonymous_20)
FN:157,(anonymous_21)
FN:158,(anonymous_22)
FN:166,(anonymous_23)
FN:173,(anonymous_24)
FN:237,(anonymous_25)
FN:255,(anonymous_26)
FN:260,(anonymous_27)
FN:268,(anonymous_28)
FN:275,(anonymous_29)
FN:280,(anonymous_30)
FN:281,(anonymous_31)
FN:282,(anonymous_32)
FNF:33
FNH:0
FNDA:0,getDateRange
FNDA:0,(anonymous_1)
FNDA:0,(anonymous_2)
FNDA:0,(anonymous_3)
FNDA:0,(anonymous_4)
FNDA:0,(anonymous_5)
FNDA:0,(anonymous_6)
FNDA:0,(anonymous_7)
FNDA:0,(anonymous_8)
FNDA:0,(anonymous_9)
FNDA:0,(anonymous_10)
FNDA:0,(anonymous_11)
FNDA:0,(anonymous_12)
FNDA:0,(anonymous_13)
FNDA:0,(anonymous_14)
FNDA:0,(anonymous_15)
FNDA:0,(anonymous_16)
FNDA:0,(anonymous_17)
FNDA:0,(anonymous_18)
FNDA:0,(anonymous_19)
FNDA:0,(anonymous_20)
FNDA:0,(anonymous_21)
FNDA:0,(anonymous_22)
FNDA:0,(anonymous_23)
FNDA:0,(anonymous_24)
FNDA:0,(anonymous_25)
FNDA:0,(anonymous_26)
FNDA:0,(anonymous_27)
FNDA:0,(anonymous_28)
FNDA:0,(anonymous_29)
FNDA:0,(anonymous_30)
FNDA:0,(anonymous_31)
FNDA:0,(anonymous_32)
DA:2,0
DA:3,0
DA:4,0
DA:16,0
DA:18,0
DA:20,0
DA:22,0
DA:26,0
DA:29,0
DA:32,0
DA:33,0
DA:34,0
DA:36,0
DA:38,0
DA:46,0
DA:47,0
DA:48,0
DA:51,0
DA:52,0
DA:53,0
DA:55,0
DA:56,0
DA:57,0
DA:60,0
DA:65,0
DA:66,0
DA:67,0
DA:69,0
DA:73,0
DA:74,0
DA:79,0
DA:81,0
DA:84,0
DA:91,0
DA:103,0
DA:105,0
DA:113,0
DA:116,0
DA:117,0
DA:118,0
DA:120,0
DA:121,0
DA:123,0
DA:138,0
DA:139,0
DA:140,0
DA:142,0
DA:143,0
DA:144,0
DA:146,0
DA:147,0
DA:148,0
DA:150,0
DA:151,0
DA:152,0
DA:155,0
DA:156,0
DA:157,0
DA:159,0
DA:160,0
DA:161,0
DA:162,0
DA:165,0
DA:166,0
DA:173,0
DA:176,0
DA:177,0
DA:179,0
DA:232,0
DA:234,0
DA:242,0
DA:244,0
DA:246,0
DA:254,0
DA:255,0
DA:259,0
DA:260,0
DA:261,0
DA:262,0
DA:263,0
DA:264,0
DA:267,0
DA:268,0
DA:275,0
DA:280,0
DA:281,0
DA:282,0
LF:87
LH:0
BRDA:16,0,0,0
BRDA:16,0,1,0
BRDA:16,0,2,0
BRDA:34,1,0,0
BRDA:48,2,0,0
BRDA:48,2,1,0
BRDA:60,3,0,0
BRDA:60,3,1,0
BRDA:70,4,0,0
BRDA:70,4,1,0
BRDA:77,5,0,0
BRDA:77,5,1,0
BRDA:110,6,0,0
BRDA:118,7,0,0
BRDA:159,8,0,0
BRDA:159,8,1,0
BRDA:169,9,0,0
BRDA:169,9,1,0
BRDA:189,10,0,0
BRDA:189,10,1,0
BRDA:192,11,0,0
BRDA:192,11,1,0
BRDA:209,12,0,0
BRDA:209,12,1,0
BRDA:212,13,0,0
BRDA:212,13,1,0
BRDA:217,14,0,0
BRDA:217,14,1,0
BRDA:221,15,0,0
BRDA:221,15,1,0
BRDA:225,16,0,0
BRDA:225,16,1,0
BRDA:239,17,0,0
BRDA:261,18,0,0
BRDA:261,18,1,0
BRDA:271,19,0,0
BRDA:271,19,1,0
BRF:37
BRH:0
end_of_record
TN:
SF:src/schema/resolvers/index.ts
FN:14,(anonymous_0)
FN:24,(anonymous_1)
FNF:2
FNH:0
FNDA:0,(anonymous_0)
FNDA:0,(anonymous_1)
DA:1,0
DA:2,0
DA:3,0
DA:4,0
DA:5,0
DA:6,0
DA:7,0
DA:9,0
DA:14,0
DA:24,0
LF:10
LH:0
BRF:0
BRH:0
end_of_record
TN:
SF:src/schema/resolvers/savingsGoal.ts
FN:22,(anonymous_0)
FN:31,(anonymous_1)
FN:45,(anonymous_2)
FN:53,(anonymous_3)
FN:57,(anonymous_4)
FN:61,(anonymous_5)
FN:75,(anonymous_6)
FN:95,(anonymous_7)
FN:120,(anonymous_8)
FN:137,(anonymous_9)
FN:166,(anonymous_10)
FN:170,(anonymous_11)
FN:174,(anonymous_12)
FN:180,(anonymous_13)
FN:186,(anonymous_14)
FNF:15
FNH:0
FNDA:0,(anonymous_0)
FNDA:0,(anonymous_1)
FNDA:0,(anonymous_2)
FNDA:0,(anonymous_3)
FNDA:0,(anonymous_4)
FNDA:0,(anonymous_5)
FNDA:0,(anonymous_6)
FNDA:0,(anonymous_7)
FNDA:0,(anonymous_8)
FNDA:0,(anonymous_9)
FNDA:0,(anonymous_10)
FNDA:0,(anonymous_11)
FNDA:0,(anonymous_12)
FNDA:0,(anonymous_13)
FNDA:0,(anonymous_14)
DA:2,0
DA:3,0
DA:4,0
DA:20,0
DA:23,0
DA:25,0
DA:32,0
DA:34,0
DA:38,0
DA:39,0
DA:42,0
DA:46,0
DA:48,0
DA:52,0
DA:53,0
DA:56,0
DA:57,0
DA:60,0
DA:61,0
DA:64,0
DA:80,0
DA:82,0
DA:90,0
DA:92,0
DA:100,0
DA:102,0
DA:106,0
DA:107,0
DA:110,0
DA:115,0
DA:117,0
DA:121,0
DA:123,0
DA:127,0
DA:128,0
DA:131,0
DA:132,0
DA:134,0
DA:142,0
DA:144,0
DA:148,0
DA:149,0
DA:152,0
DA:159,0
DA:161,0
DA:167,0
DA:171,0
DA:175,0
DA:176,0
DA:177,0
DA:181,0
DA:182,0
DA:183,0
DA:187,0
DA:188,0
DA:189,0
DA:190,0
DA:191,0
DA:192,0
LF:59
LH:0
BRDA:38,0,0,0
BRDA:67,1,0,0
BRDA:67,1,1,0
BRDA:85,2,0,0
BRDA:85,2,1,0
BRDA:106,3,0,0
BRDA:127,4,0,0
BRDA:148,5,0,0
BRDA:177,6,0,0
BRDA:177,6,1,0
BRDA:187,7,0,0
BRDA:192,8,0,0
BRDA:192,8,1,0
BRF:13
BRH:0
end_of_record
TN:
SF:src/schema/resolvers/scalars.ts
FN:6,(anonymous_0)
FN:12,(anonymous_1)
FN:18,(anonymous_2)
FN:29,(anonymous_3)
FN:37,(anonymous_4)
FN:42,(anonymous_5)
FNF:6
FNH:0
FNDA:0,(anonymous_0)
FNDA:0,(anonymous_1)
FNDA:0,(anonymous_2)
FNDA:0,(anonymous_3)
FNDA:0,(anonymous_4)
FNDA:0,(anonymous_5)
DA:1,0
DA:3,0
DA:7,0
DA:8,0
DA:10,0
DA:13,0
DA:14,0
DA:16,0
DA:19,0
DA:20,0
DA:22,0
DA:26,0
DA:30,0
DA:31,0
DA:32,0
DA:33,0
DA:35,0
DA:38,0
DA:39,0
DA:40,0
DA:43,0
DA:44,0
DA:46,0
LF:23
LH:0
BRDA:7,0,0,0
BRDA:13,1,0,0
BRDA:13,2,0,0
BRDA:13,2,1,0
BRDA:19,3,0,0
BRDA:19,4,0,0
BRDA:19,4,1,0
BRDA:20,5,0,0
BRDA:20,5,1,0
BRDA:30,6,0,0
BRDA:31,7,0,0
BRDA:32,8,0,0
BRDA:32,9,0,0
BRDA:32,9,1,0
BRDA:32,9,2,0
BRDA:38,10,0,0
BRDA:39,11,0,0
BRDA:43,12,0,0
BRDA:43,13,0,0
BRDA:43,13,1,0
BRF:20
BRH:0
end_of_record
TN:
SF:src/schema/resolvers/transaction.ts
FN:45,(anonymous_0)
FN:110,(anonymous_1)
FN:123,(anonymous_2)
FN:138,(anonymous_3)
FN:153,(anonymous_4)
FN:162,(anonymous_5)
FN:167,(anonymous_6)
FN:212,(anonymous_7)
FN:249,(anonymous_8)
FN:283,(anonymous_9)
FNF:10
FNH:0
FNDA:0,(anonymous_0)
FNDA:0,(anonymous_1)
FNDA:0,(anonymous_2)
FNDA:0,(anonymous_3)
FNDA:0,(anonymous_4)
FNDA:0,(anonymous_5)
FNDA:0,(anonymous_6)
FNDA:0,(anonymous_7)
FNDA:0,(anonymous_8)
FNDA:0,(anonymous_9)
DA:3,0
DA:4,0
DA:5,0
DA:43,0
DA:54,0
DA:56,0
DA:57,0
DA:58,0
DA:60,0
DA:65,0
DA:66,0
DA:72,0
DA:73,0
DA:74,0
DA:75,0
DA:76,0
DA:77,0
DA:78,0
DA:80,0
DA:81,0
DA:82,0
DA:83,0
DA:87,0
DA:88,0
DA:89,0
DA:91,0
DA:92,0
DA:93,0
DA:94,0
DA:96,0
DA:107,0
DA:109,0
DA:110,0
DA:124,0
DA:126,0
DA:131,0
DA:132,0
DA:135,0
DA:143,0
DA:145,0
DA:154,0
DA:156,0
DA:162,0
DA:172,0
DA:175,0
DA:179,0
DA:180,0
DA:183,0
DA:193,0
DA:199,0
DA:200,0
DA:207,0
DA:209,0
DA:217,0
DA:219,0
DA:223,0
DA:224,0
DA:228,0
DA:229,0
DA:233,0
DA:234,0
DA:238,0
DA:244,0
DA:246,0
DA:250,0
DA:252,0
DA:256,0
DA:257,0
DA:262,0
DA:268,0
DA:269,0
DA:275,0
DA:276,0
DA:278,0
DA:284,0
LF:75
LH:0
BRDA:56,0,0,0
BRDA:56,0,1,0
BRDA:57,1,0,0
BRDA:57,1,1,0
BRDA:65,2,0,0
BRDA:72,3,0,0
BRDA:73,4,0,0
BRDA:74,5,0,0
BRDA:75,6,0,0
BRDA:75,7,0,0
BRDA:75,7,1,0
BRDA:77,8,0,0
BRDA:78,9,0,0
BRDA:80,10,0,0
BRDA:80,11,0,0
BRDA:80,11,1,0
BRDA:82,12,0,0
BRDA:83,13,0,0
BRDA:88,14,0,0
BRDA:88,14,1,0
BRDA:89,15,0,0
BRDA:89,15,1,0
BRDA:91,16,0,0
BRDA:91,16,1,0
BRDA:92,17,0,0
BRDA:92,17,1,0
BRDA:93,18,0,0
BRDA:93,18,1,0
BRDA:131,19,0,0
BRDA:140,20,0,0
BRDA:179,21,0,0
BRDA:193,22,0,0
BRDA:193,22,1,0
BRDA:195,23,0,0
BRDA:195,23,1,0
BRDA:199,24,0,0
BRDA:223,25,0,0
BRDA:228,26,0,0
BRDA:228,27,0,0
BRDA:228,27,1,0
BRDA:233,28,0,0
BRDA:256,29,0,0
BRDA:262,30,0,0
BRDA:262,30,1,0
BRDA:264,31,0,0
BRDA:264,31,1,0
BRDA:268,32,0,0
BRF:47
BRH:0
end_of_record
TN:
SF:src/schema/resolvers/user.ts
FN:9,(anonymous_0)
FN:23,(anonymous_1)
FN:54,(anonymous_2)
FN:87,(anonymous_3)
FN:105,(anonymous_4)
FN:111,(anonymous_5)
FN:134,(anonymous_6)
FN:147,(anonymous_7)
FNF:8
FNH:0
FNDA:0,(anonymous_0)
FNDA:0,(anonymous_1)
FNDA:0,(anonymous_2)
FNDA:0,(anonymous_3)
FNDA:0,(anonymous_4)
FNDA:0,(anonymous_5)
FNDA:0,(anonymous_6)
FNDA:0,(anonymous_7)
DA:1,0
DA:2,0
DA:4,0
DA:5,0
DA:7,0
DA:10,0
DA:12,0
DA:28,0
DA:32,0
DA:33,0
DA:38,0
DA:40,0
DA:41,0
DA:46,0
DA:48,0
DA:59,0
DA:63,0
DA:64,0
DA:69,0
DA:71,0
DA:79,0
DA:81,0
DA:92,0
DA:94,0
DA:106,0
DA:116,0
DA:117,0
DA:118,0
DA:120,0
DA:131,0
DA:133,0
DA:134,0
DA:148,0
LF:33
LH:0
BRDA:10,0,0,0
BRDA:32,1,0,0
BRDA:32,2,0,0
BRDA:32,2,1,0
BRDA:40,3,0,0
BRDA:63,4,0,0
BRDA:75,5,0,0
BRDA:75,5,1,0
BRDA:97,6,0,0
BRDA:97,6,1,0
BRDA:98,7,0,0
BRDA:98,7,1,0
BRDA:116,8,0,0
BRDA:116,8,1,0
BRDA:117,9,0,0
BRDA:117,9,1,0
BRF:16
BRH:0
end_of_record
TN:
SF:src/schema/typeDefs/account.ts
FNF:0
FNH:0
DA:1,0
DA:3,0
LF:2
LH:0
BRF:0
BRH:0
end_of_record
TN:
SF:src/schema/typeDefs/advice.ts
FNF:0
FNH:0
DA:1,0
DA:3,0
LF:2
LH:0
BRF:0
BRH:0
end_of_record
TN:
SF:src/schema/typeDefs/analytics.ts
FNF:0
FNH:0
DA:1,0
DA:3,0
LF:2
LH:0
BRF:0
BRH:0
end_of_record
TN:
SF:src/schema/typeDefs/common.ts
FNF:0
FNH:0
DA:1,0
DA:3,0
LF:2
LH:0
BRF:0
BRH:0
end_of_record
TN:
SF:src/schema/typeDefs/index.ts
FNF:0
FNH:0
DA:1,0
DA:2,0
DA:3,0
DA:4,0
DA:5,0
DA:6,0
DA:7,0
DA:8,0
DA:11,0
DA:21,0
LF:10
LH:0
BRF:0
BRH:0
end_of_record
TN:
SF:src/schema/typeDefs/savingsGoal.ts
FNF:0
FNH:0
DA:1,0
DA:3,0
LF:2
LH:0
BRF:0
BRH:0
end_of_record
TN:
SF:src/schema/typeDefs/transaction.ts
FNF:0
FNH:0
DA:1,0
DA:3,0
LF:2
LH:0
BRF:0
BRH:0
end_of_record
TN:
SF:src/schema/typeDefs/user.ts
FNF:0
FNH:0
DA:1,0
DA:3,0
LF:2
LH:0
BRF:0
BRH:0
end_of_record
